Case #1: 5398274060
Case #2: 539827406999337777
Case #3: 539827406 66 666
Case #4: 539827406333666 6660 022 2777
Case #5: 5398274064433555 555666096667775553
Case #6: 539827406443 377
Case #7: 53982740655 559994466699977733
Case #8: 5398274068899993332226622
Case #9: 5398274062 22299
Case #10: 5398274067772243 3888 822290
Case #11: 539827406442225556682277555088 88
Case #12: 5398274069322288477772888999222
Case #13: 53982740685559
Case #14: 53982740676877755444 4442999
Case #15: 5398274060222
Case #16: 53982740699339999 922243662233 337733
Case #17: 53982740699223557777338899477555 5599
Case #18: 539827406222533 32233377779
Case #19: 53982740644777799933377779933444
Case #20: 5398274065533446688 888 888999333 333 3
Case #21: 53982740644433 3669999777788833444
Case #22: 5398274062224888 883669995667
Case #23: 53982740655 55577 77755
Case #24: 5398274065544426667744333444777688
Case #25: 5398274069996033390799993229
Case #26: 539827406539999
Case #27: 53982740622666777223377779
Case #28: 53982740622255 577774777 777 7770
Case #29: 5398274067888444033555667777
Case #30: 539827406 66697665599955226668887 7777
Case #31: 53982740644775593309996669999777444
Case #32: 53982740644454099922
Case #33: 539827406 66773666299997777874559997777333
Case #34: 539827406 67777 77779999 977733666222
Case #35: 539827406 663 33399508334
Case #36: 5398274068833328884449555
Case #37: 5398274069 9944777722252777756633055
Case #38: 539827406722 2 26744733555 52
Case #39: 539827406066675577738855
Case #40: 53982740655 5444 4455544
Case #41: 5398274062229922366556222442229998
Case #42: 539827406777 78855588999
Case #43: 539827406 6663374886222 222
Case #44: 5398274069423889999355588332225888
Case #45: 53982740677739999666
Case #46: 539827406559999777
Case #47: 539827406388
Case #48: 53982740633306654407 7999669999222
Case #49: 5398274063 3555
Case #50: 53982740655 553388 88440
Case #51: 53982740649999666
Case #52: 539827406337
Case #53: 539827406555777333978887779777796622777666
Case #54: 53982740688333
Case #55: 539827406944452695
Case #56: 539827406 668887744433733
Case #57: 5398274067778
Case #58: 5398274062 22292993344
Case #59: 53982740622277643088442225553 37777
Case #60: 539827406889977799933388833
Case #61: 53982740688666 66577799
Case #62: 539827406443335777 7555666 659
Case #63: 539827406999922 222888999922
Case #64: 53982740677 777752 2226699888
Case #65: 539827406332228887777559922255998
Case #66: 539827406999 999 9963777766888 88875777 7
Case #67: 539827406776954443
Case #68: 539827406 66688899995444 444999944422669999
Case #69: 5398274069999 999 9997778887772993222042
Case #70: 53982740688877 77778833322777228
Case #71: 539827406799933399 99 9999 9999
Case #72: 5398274067770555885558222 22555857
Case #73: 5398274063336779999888 888 8099
Case #74: 5398274069558887225776688
Case #75: 5398274067899994455 559966699977757777
Case #76: 5398274063344499
Case #77: 539827406 666555444 44
Case #78: 53982740633225554499442664
Case #79: 53982740649555222
Case #80: 539827406229999774477773332 25550
Case #81: 53982740633222666266777
Case #82: 53982740688 8885577855588 883355333
Case #83: 5398274065566222
Case #84: 5398274062227775566445999 997555999944
Case #85: 53982740677778877666877333 36622
Case #86: 5398274068882226
Case #87: 53982740644436667777 77 7 7222555
Case #88: 53982740699993299929993344454777755
Case #89: 539827406544662277755
Case #90: 539827406336662229996665587777477788 88
Case #91: 5398274069755
Case #92: 53982740625669955229977666508777
Case #93: 539827406 67777266
Case #94: 539827406996655996664
Case #95: 5398274064426669999662 22266644
Case #96: 539827406559
Case #97: 5398274069997777
Case #98: 5398274065222088 8 8864445992266
Case #99: 5398274067776222333226665888
Case #100: 539827406444228844477222 29333888446
